<xml>
  <csrfToken>电费csrfToken</csrfToken>
  <session>电费session</session>
</xml>
