<xml>
  <accessToken>accessToken</accessToken>
</xml>
